#
# There is insufficient memory for the Java Runtime Environment to continue.
# Native memory allocation (mmap) failed to map 264241152 bytes for G1 virtual space
# Possible reasons:
#   The system is out of physical RAM or swap space
#   The process is running with CompressedOops enabled, and the Java Heap may be blocking the growth of the native heap
# Possible solutions:
#   Reduce memory load on the system
#   Increase physical memory or swap space
#   Check if swap backing store is full
#   Decrease Java heap size (-Xmx/-Xms)
#   Decrease number of Java threads
#   Decrease Java thread stack sizes (-Xss)
#   Set larger code cache with -XX:ReservedCodeCacheSize=
#   JVM is running with Unscaled Compressed Oops mode in which the Java heap is
#     placed in the first 4GB address space. The Java Heap base address is the
#     maximum limit for the native heap growth. Please use -XX:HeapBaseMinAddress
#     to set the Java Heap base and to place the Java Heap above 4GB virtual address.
# This output file may be truncated or incomplete.
#
#  Out of Memory Error (os_windows.cpp:3613), pid=23272, tid=21656
#
# JRE version:  (17.0.9+9) (build )
# Java VM: OpenJDK 64-Bit Server VM (17.0.9+9, mixed mode, emulated-client, sharing, tiered, compressed oops, compressed class ptrs, g1 gc, windows-amd64)
# No core dump will be written. Minidumps are not enabled by default on client versions of Windows
#

---------------  S U M M A R Y ------------

Command Line: -XX:+HeapDumpOnOutOfMemoryError -Xmx1024m -Dsts.lsp.client=vscode -Dsts.log.file=/dev/null -XX:TieredStopAtLevel=1 -Xlog:jni+resolve=off -Dspring.config.location=file:c:\Users\alexandre.dias\.vscode\extensions\vmware.vscode-spring-boot-1.51.0\language-server\BOOT-INF\classes\application.properties org.springframework.ide.vscode.boot.app.BootLanguageServerBootApp

Host: 11th Gen Intel(R) Core(TM) i5-1135G7 @ 2.40GHz, 8 cores, 15G,  Windows 10 , 64 bit Build 19041 (10.0.19041.3636)
Time: Wed Jan 31 11:23:32 2024 Hora oficial do Brasil elapsed time: 0.032487 seconds (0d 0h 0m 0s)

---------------  T H R E A D  ---------------

Current thread (0x000001e3fe159b50):  JavaThread "Unknown thread" [_thread_in_vm, id=21656, stack(0x000000c210300000,0x000000c210400000)]

Stack: [0x000000c210300000,0x000000c210400000]
Native frames: (J=compiled Java code, j=interpreted, Vv=VM code, C=native code)
V  [jvm.dll+0x67cf49]
V  [jvm.dll+0x83478a]
V  [jvm.dll+0x83624e]
V  [jvm.dll+0x8368b3]
V  [jvm.dll+0x247f1f]
V  [jvm.dll+0x679d69]
V  [jvm.dll+0x66e6ba]
V  [jvm.dll+0x307e5b]
V  [jvm.dll+0x30f306]
V  [jvm.dll+0x35f0ce]
V  [jvm.dll+0x35f2ff]
V  [jvm.dll+0x2dea58]
V  [jvm.dll+0x2df9c4]
V  [jvm.dll+0x806031]
V  [jvm.dll+0x36cf31]
V  [jvm.dll+0x7e4aac]
V  [jvm.dll+0x3f07af]
V  [jvm.dll+0x3f23e1]
C  [jli.dll+0x528f]
C  [ucrtbase.dll+0x21bb2]
C  [KERNEL32.DLL+0x17344]
C  [ntdll.dll+0x526b1]


---------------  P R O C E S S  ---------------

Threads class SMR info:
_java_thread_list=0x00007ffa0e0eee98, length=0, elements={
}

Java Threads: ( => current thread )

Other Threads:
  0x000001e3fe19a0d0 GCTaskThread "GC Thread#0" [stack: 0x000000c210400000,0x000000c210500000] [id=10948]
  0x000001e3fe1a3020 ConcurrentGCThread "G1 Main Marker" [stack: 0x000000c210500000,0x000000c210600000] [id=5024]
  0x000001e3fe1a41e0 ConcurrentGCThread "G1 Conc#0" [stack: 0x000000c210600000,0x000000c210700000] [id=28324]

[error occurred during error reporting (printing all threads), id 0xc0000005, EXCEPTION_ACCESS_VIOLATION (0xc0000005) at pc=0x00007ffa0d8af497]

VM state: not at safepoint (not fully initialized)

VM Mutex/Monitor currently owned by a thread:  ([mutex/lock_event])
[0x000001e3fbd05d70] Heap_lock - owner thread: 0x000001e3fe159b50

Heap address: 0x00000000c0000000, size: 1024 MB, Compressed Oops mode: 32-bit

CDS archive(s) mapped at: [0x0000000000000000-0x0000000000000000-0x0000000000000000), size 0, SharedBaseAddress: 0x0000000800000000, ArchiveRelocationMode: 1.
Narrow klass base: 0x0000000000000000, Narrow klass shift: 0, Narrow klass range: 0x0

GC Precious Log:
<Empty>

Heap:
 garbage-first heap   total 0K, used 0K [0x00000000c0000000, 0x0000000100000000)
  region size 1024K, 0 young (0K), 0 survivors (0K)

[error occurred during error reporting (printing heap information), id 0xc0000005, EXCEPTION_ACCESS_VIOLATION (0xc0000005) at pc=0x00007ffa0dc96c79]

GC Heap History (0 events):
No events

Dll operation events (1 events):
Event: 0.023 Loaded shared library c:\Users\alexandre.dias\.vscode\extensions\redhat.java-1.26.0-win32-x64\jre\17.0.9-win32-x86_64\bin\java.dll

Deoptimization events (0 events):
No events

Classes unloaded (0 events):
No events

Classes redefined (0 events):
No events

Internal exceptions (0 events):
No events

VM Operations (0 events):
No events

Events (0 events):
No events


Dynamic libraries:
0x00007ff7fb760000 - 0x00007ff7fb76e000 	c:\Users\alexandre.dias\.vscode\extensions\redhat.java-1.26.0-win32-x64\jre\17.0.9-win32-x86_64\bin\java.exe
0x00007ffa5e2d0000 - 0x00007ffa5e4c8000 	C:\Windows\SYSTEM32\ntdll.dll
0x00007ffa5c6f0000 - 0x00007ffa5c7ad000 	C:\Windows\System32\KERNEL32.DLL
0x00007ffa5bc80000 - 0x00007ffa5bf76000 	C:\Windows\System32\KERNELBASE.dll
0x00007ffa5c1f0000 - 0x00007ffa5c2f0000 	C:\Windows\System32\ucrtbase.dll
0x00007ffa4fa20000 - 0x00007ffa4fa3b000 	c:\Users\alexandre.dias\.vscode\extensions\redhat.java-1.26.0-win32-x64\jre\17.0.9-win32-x86_64\bin\VCRUNTIME140.dll
0x00007ffa4fa50000 - 0x00007ffa4fa67000 	c:\Users\alexandre.dias\.vscode\extensions\redhat.java-1.26.0-win32-x64\jre\17.0.9-win32-x86_64\bin\jli.dll
0x00007ffa5c7b0000 - 0x00007ffa5c94e000 	C:\Windows\System32\USER32.dll
0x00007ffa5c2f0000 - 0x00007ffa5c312000 	C:\Windows\System32\win32u.dll
0x00007ffa5d790000 - 0x00007ffa5d7bc000 	C:\Windows\System32\GDI32.dll
0x00007ffa3d8d0000 - 0x00007ffa3db6a000 	C:\Windows\WinSxS\amd64_microsoft.windows.common-controls_6595b64144ccf1df_6.0.19041.3636_none_60b6a03d71f818d5\COMCTL32.dll
0x00007ffa5d350000 - 0x00007ffa5d3ee000 	C:\Windows\System32\msvcrt.dll
0x00007ffa5c0d0000 - 0x00007ffa5c1ea000 	C:\Windows\System32\gdi32full.dll
0x00007ffa5bb00000 - 0x00007ffa5bb9d000 	C:\Windows\System32\msvcp_win.dll
0x00007ffa5e200000 - 0x00007ffa5e230000 	C:\Windows\System32\IMM32.DLL
0x00007ffa4df80000 - 0x00007ffa4dfbf000 	C:\Program Files (x86)\Panda Security\WAC\PSNAEHookMS64.dll
0x00007ffa5d9d0000 - 0x00007ffa5da25000 	C:\Windows\System32\SHLWAPI.dll
0x00007ffa5d8d0000 - 0x00007ffa5d8d8000 	C:\Windows\System32\PSAPI.DLL
0x00007ffa5d450000 - 0x00007ffa5d503000 	C:\Windows\System32\ADVAPI32.dll
0x00007ffa5d7c0000 - 0x00007ffa5d85f000 	C:\Windows\System32\sechost.dll
0x00007ffa5c950000 - 0x00007ffa5ca76000 	C:\Windows\System32\RPCRT4.dll
0x00007ffa5c0a0000 - 0x00007ffa5c0c7000 	C:\Windows\System32\bcrypt.dll
0x00007ffa26630000 - 0x00007ffa266d4000 	C:\Program Files (x86)\Panda Security\WAC\PSNAETools64.dll
0x00007ffa5d5b0000 - 0x00007ffa5d6db000 	C:\Windows\System32\ole32.dll
0x00007ffa5dea0000 - 0x00007ffa5e1f4000 	C:\Windows\System32\combase.dll
0x00007ffa5aaf0000 - 0x00007ffa5ab23000 	C:\Windows\SYSTEM32\ntmarta.dll
0x00007ffa33410000 - 0x00007ffa3345d000 	C:\Program Files (x86)\Panda Security\WAC\PSNAEComm64.dll
0x00007ffa531a0000 - 0x00007ffa531b9000 	C:\Program Files (x86)\Panda Security\WAC\PSNAEHookPlg64.dll
0x00007ffa4f550000 - 0x00007ffa4f55c000 	c:\Users\alexandre.dias\.vscode\extensions\redhat.java-1.26.0-win32-x64\jre\17.0.9-win32-x86_64\bin\vcruntime140_1.dll
0x00007ffa26b80000 - 0x00007ffa26c0d000 	c:\Users\alexandre.dias\.vscode\extensions\redhat.java-1.26.0-win32-x64\jre\17.0.9-win32-x86_64\bin\msvcp140.dll
0x00007ffa0d5c0000 - 0x00007ffa0e221000 	c:\Users\alexandre.dias\.vscode\extensions\redhat.java-1.26.0-win32-x64\jre\17.0.9-win32-x86_64\bin\server\jvm.dll
0x00007ffa3de20000 - 0x00007ffa3de47000 	C:\Windows\SYSTEM32\WINMM.dll
0x00007ffa51e90000 - 0x00007ffa51e9a000 	C:\Windows\SYSTEM32\VERSION.dll
0x00007ffa4b110000 - 0x00007ffa4b119000 	C:\Windows\SYSTEM32\WSOCK32.dll
0x00007ffa5d860000 - 0x00007ffa5d8cb000 	C:\Windows\System32\WS2_32.dll
0x00007ffa5af00000 - 0x00007ffa5af4b000 	C:\Windows\SYSTEM32\POWRPROF.dll
0x00007ffa5ad70000 - 0x00007ffa5ad82000 	C:\Windows\SYSTEM32\UMPDC.dll
0x00007ffa59fc0000 - 0x00007ffa59fd2000 	C:\Windows\SYSTEM32\kernel.appcore.dll
0x00007ffa4e1d0000 - 0x00007ffa4e1da000 	c:\Users\alexandre.dias\.vscode\extensions\redhat.java-1.26.0-win32-x64\jre\17.0.9-win32-x86_64\bin\jimage.dll
0x00007ffa59b40000 - 0x00007ffa59d24000 	C:\Windows\SYSTEM32\DBGHELP.DLL
0x00007ffa4da90000 - 0x00007ffa4dac4000 	C:\Windows\SYSTEM32\dbgcore.DLL
0x00007ffa5bba0000 - 0x00007ffa5bc22000 	C:\Windows\System32\bcryptPrimitives.dll
0x00007ffa33d40000 - 0x00007ffa33d65000 	c:\Users\alexandre.dias\.vscode\extensions\redhat.java-1.26.0-win32-x64\jre\17.0.9-win32-x86_64\bin\java.dll

dbghelp: loaded successfully - version: 4.0.5 - missing functions: none
symbol engine: initialized successfully - sym options: 0x614 - pdb path: .;c:\Users\alexandre.dias\.vscode\extensions\redhat.java-1.26.0-win32-x64\jre\17.0.9-win32-x86_64\bin;C:\Windows\SYSTEM32;C:\Windows\WinSxS\amd64_microsoft.windows.common-controls_6595b64144ccf1df_6.0.19041.3636_none_60b6a03d71f818d5;C:\Program Files (x86)\Panda Security\WAC;c:\Users\alexandre.dias\.vscode\extensions\redhat.java-1.26.0-win32-x64\jre\17.0.9-win32-x86_64\bin\server

VM Arguments:
jvm_args: -XX:+HeapDumpOnOutOfMemoryError -Xmx1024m -Dsts.lsp.client=vscode -Dsts.log.file=/dev/null -XX:TieredStopAtLevel=1 -Xlog:jni+resolve=off -Dspring.config.location=file:c:\Users\alexandre.dias\.vscode\extensions\vmware.vscode-spring-boot-1.51.0\language-server\BOOT-INF\classes\application.properties 
java_command: org.springframework.ide.vscode.boot.app.BootLanguageServerBootApp
java_class_path (initial): c:\Users\alexandre.dias\.vscode\extensions\vmware.vscode-spring-boot-1.51.0\language-server\BOOT-INF\classes;c:\Users\alexandre.dias\.vscode\extensions\vmware.vscode-spring-boot-1.51.0\language-server\BOOT-INF\lib\annotations-24.1.0.jar;c:\Users\alexandre.dias\.vscode\extensions\vmware.vscode-spring-boot-1.51.0\language-server\BOOT-INF\lib\antlr-runtime-3.5.3.jar;c:\Users\alexandre.dias\.vscode\extensions\vmware.vscode-spring-boot-1.51.0\language-server\BOOT-INF\lib\antlr4-4.11.1.jar;c:\Users\alexandre.dias\.vscode\extensions\vmware.vscode-spring-boot-1.51.0\language-server\BOOT-INF\lib\antlr4-runtime-4.11.1.jar;c:\Users\alexandre.dias\.vscode\extensions\vmware.vscode-spring-boot-1.51.0\language-server\BOOT-INF\lib\asm-9.6.jar;c:\Users\alexandre.dias\.vscode\extensions\vmware.vscode-spring-boot-1.51.0\language-server\BOOT-INF\lib\asm-analysis-9.6.jar;c:\Users\alexandre.dias\.vscode\extensions\vmware.vscode-spring-boot-1.51.0\language-server\BOOT-INF\lib\asm-tree-9.6.jar;c:\Users\alexandre.dias\.vscode\extensions\vmware.vscode-spring-boot-1.51.0\language-server\BOOT-INF\lib\asm-util-9.6.jar;c:\Users\alexandre.dias\.vscode\extensions\vmware.vscode-spring-boot-1.51.0\language-server\BOOT-INF\lib\bosh-language-server-1.51.0-SNAPSHOT.jar;c:\Users\alexandre.dias\.vscode\extensions\vmware.vscode-spring-boot-1.51.0\language-server\BOOT-INF\lib\caffeine-3.1.8.jar;c:\Users\alexandre.dias\.vscode\extensions\vmware.vscode-spring-boot-1.51.0\language-server\BOOT-INF\lib\checker-qual-3.12.0.jar;c:\Users\alexandre.dias\.vscode\extensions\vmware.vscode-spring-boot-1.51.0\language-server\BOOT-INF\lib\classgraph-4.8.149.jar;c:\Users\alexandre.dias\.vscode\extensions\vmware.vscode-spring-boot-1.51.0\language-server\BOOT-INF\lib\commons-codec-1.15.jar;c:\Users\alexandre.dias\.vscode\extensions\vmware.vscode-spring-boot-1.51.0\language-server\BOOT-INF\lib\commons-compress-1.25.0.jar;c:\Users\alexandre.dias\.vscode\extensions\vmware.vscode-spring-boot-1.51.0\
Launcher Type: SUN_STANDARD

[Global flags]
     intx CICompilerCount                          = 4                                         {product} {ergonomic}
     uint ConcGCThreads                            = 2                                         {product} {ergonomic}
     uint G1ConcRefinementThreads                  = 8                                         {product} {ergonomic}
   size_t G1HeapRegionSize                         = 1048576                                   {product} {ergonomic}
    uintx GCDrainStackTargetSize                   = 64                                        {product} {ergonomic}
     bool HeapDumpOnOutOfMemoryError               = true                                   {manageable} {command line}
   size_t InitialHeapSize                          = 264241152                                 {product} {ergonomic}
   size_t MarkStackSize                            = 4194304                                   {product} {ergonomic}
   size_t MaxHeapSize                              = 1073741824                                {product} {command line}
   size_t MinHeapDeltaBytes                        = 1048576                                   {product} {ergonomic}
   size_t MinHeapSize                              = 8388608                                   {product} {ergonomic}
    uintx NonProfiledCodeHeapSize                  = 0                                      {pd product} {ergonomic}
     bool ProfileInterpreter                       = false                                  {pd product} {command line}
    uintx ProfiledCodeHeapSize                     = 0                                      {pd product} {ergonomic}
   size_t SoftMaxHeapSize                          = 1073741824                             {manageable} {ergonomic}
     intx TieredStopAtLevel                        = 1                                         {product} {command line}
     bool UseCompressedClassPointers               = true                           {product lp64_product} {ergonomic}
     bool UseCompressedOops                        = true                           {product lp64_product} {ergonomic}
     bool UseG1GC                                  = true                                      {product} {ergonomic}
     bool UseLargePagesIndividualAllocation        = false                                  {pd product} {ergonomic}

Logging:
Log output configuration:
 #0: stdout all=warning,jni+resolve=off uptime,level,tags (reconfigured)
 #1: stderr all=off uptime,level,tags

Environment Variables:
JAVA_HOME=C:\Program Files\Java\jdk1.7.0_67\bin
PATH=C:\Users\alexandre.dias\bin;C:\Program Files\Git\mingw64\bin;C:\Program Files\Git\usr\local\bin;C:\Program Files\Git\usr\bin;C:\Program Files\Git\usr\bin;C:\Program Files\Git\mingw64\bin;C:\Program Files\Git\usr\bin;C:\Users\alexandre.dias\bin;C:\Program Files (x86)\Common Files;C:\Windows\system32;C:\Windows;C:\Windows\System32\Wbem;C:\Windows\System32\WindowsPowerShell\v1.0;C:\Windows\System32\OpenSSH;C:\Program Files\Java\jdk1.7.0_67\bin;C:\Program Files\dotnet;C:\minikube;C:\Program Files\Kubernetes\Minikube;C:\ProgramData\chocolatey\bin;C:\Program Files\Amazon\AWSCLIV2;C:\Program Files\Git\cmd;C:\Program Files\Docker\Docker\resources\bin;C:\Program Files\PuTTY;C:\Program Files\nodejs;C:\Users\alexandre.dias\AppData\Local\Microsoft\WindowsApps;C:\Users\alexandre.dias\AppData\Local\Programs\Microsoft VS Code\bin;C:\Program Files (x86)\Sophos\Sophos SSL VPN Client\bin;C:\Program Files\Java\jdk1.7.0_67\bin;C:\Users\alexandre.dias\AppData\Roaming\npm;C:\Users\alexandre.dias\Downloads;C:\Program Files\Git\usr\bin\vendor_perl;C:\Program Files\Git\usr\bin\core_perl
USERNAME=alexandre.dias
SHELL=C:\Program Files\Git\usr\bin\bash.exe
DISPLAY=needs-to-be-defined
LC_CTYPE=pt_BR.UTF-8
TERM=xterm
TMPDIR=C:\Users\ALEXAN~1.DIA\AppData\Local\Temp
OS=Windows_NT
PROCESSOR_IDENTIFIER=Intel64 Family 6 Model 140 Stepping 1, GenuineIntel
TMP=C:\Users\ALEXAN~1.DIA\AppData\Local\Temp
TEMP=C:\Users\ALEXAN~1.DIA\AppData\Local\Temp



Periodic native trim disabled


---------------  S Y S T E M  ---------------

OS:
 Windows 10 , 64 bit Build 19041 (10.0.19041.3636)
OS uptime: 6 days 20:45 hours
Hyper-V role detected

CPU: total 8 (initial active 8) (4 cores per cpu, 2 threads per core) family 6 model 140 stepping 1 microcode 0xa4, cx8, cmov, fxsr, ht, mmx, 3dnowpref, sse, sse2, sse3, ssse3, sse4.1, sse4.2, popcnt, lzcnt, tsc, tscinvbit, avx, avx2, aes, erms, clmul, bmi1, bmi2, adx, avx512f, avx512dq, avx512cd, avx512bw, avx512vl, sha, fma, vzeroupper, avx512_vpopcntdq, avx512_vpclmulqdq, avx512_vaes, avx512_vnni, clflush, clflushopt, clwb, avx512_vbmi2, avx512_vbmi, hv
Processor Information for all 8 processors :
  Max Mhz: 1382, Current Mhz: 1382, Mhz Limit: 1382

Memory: 4k page, system-wide physical 16126M (622M free)
TotalPageFile size 46557M (AvailPageFile size 129M)
current process WorkingSet (physical memory assigned to process): 13M, peak: 13M
current process commit charge ("private bytes"): 56M, peak: 308M

vm_info: OpenJDK 64-Bit Server VM (17.0.9+9) for windows-amd64 JRE (17.0.9+9), built on Oct 26 2023 14:01:42 by "admin" with MS VC++ 16.10 / 16.11 (VS2019)

END.
